<?xml version="1.0" encoding="UTF-8"?>
<testng-results skipped="0" failed="0" total="1" passed="1">
  <reporter-output>
    <line>
      <![CDATA[Maven-Jenkins Integration Testing]]>
    </line>
  </reporter-output>
  <suite name="Suite" duration-ms="32194" started-at="2016-08-06T11:21:30Z" finished-at="2016-08-06T11:22:02Z">
    <groups>
    </groups>
    <test name="Test" duration-ms="32194" started-at="2016-08-06T11:21:30Z" finished-at="2016-08-06T11:22:02Z">
      <class name="com.qsp.pack1.ClassB">
        <test-method status="PASS" signature="funA()[pri:0, instance:com.qsp.pack1.ClassB@3ffc5af1]" name="funA" duration-ms="32151" started-at="2016-08-06T16:51:30Z" finished-at="2016-08-06T16:52:02Z">
          <reporter-output>
            <line>
              <![CDATA[Maven-Jenkins Integration Testing]]>
            </line>
          </reporter-output>
        </test-method> <!-- funA -->
      </class> <!-- com.qsp.pack1.ClassB -->
    </test> <!-- Test -->
  </suite> <!-- Suite -->
</testng-results>
