<?xml version="1.0" encoding="UTF-8"?>
<testng-results skipped="0" failed="0" total="1" passed="1">
  <reporter-output>
    <line>
      <![CDATA[testA]]>
    </line>
  </reporter-output>
  <suite name="Suite" duration-ms="20329" started-at="2016-08-06T10:22:35Z" finished-at="2016-08-06T10:22:55Z">
    <groups>
    </groups>
    <test name="Test" duration-ms="20329" started-at="2016-08-06T10:22:35Z" finished-at="2016-08-06T10:22:55Z">
      <class name="com.qsp.pack1.DemoA">
        <test-method status="PASS" signature="testA()[pri:0, instance:com.qsp.pack1.DemoA@3ffc5af1]" name="testA" duration-ms="20298" started-at="2016-08-06T15:52:35Z" finished-at="2016-08-06T15:52:55Z">
          <reporter-output>
            <line>
              <![CDATA[testA]]>
            </line>
          </reporter-output>
        </test-method> <!-- testA -->
      </class> <!-- com.qsp.pack1.DemoA -->
    </test> <!-- Test -->
  </suite> <!-- Suite -->
</testng-results>
